<?xml version="1.0" encoding="UTF-8"?>
<!-- Generated by org.testng.reporters.JUnitReportReporter -->
<testsuite skipped="0" hostname="Shreyanvi" name="PracticeLog4J.log4j.GenerateLogs" tests="2" failures="0" timestamp="2022-03-01T23:14:43 IST" time="0.013" errors="0">
  <testcase name="init2" time="0.006" classname="PracticeLog4J.log4j.GenerateLogs"/>
  <system-out/>
  <testcase name="init" time="0.007" classname="PracticeLog4J.log4j.GenerateLogs"/>
  <system-out/>
</testsuite> <!-- PracticeLog4J.log4j.GenerateLogs -->
