<?xml version="1.0" encoding="UTF-8"?>
<!-- Generated by org.testng.reporters.JUnitReportReporter -->
<testsuite skipped="0" hostname="Shreyanvi" name="PracticeLog4J.log4j.PracticeDemo" tests="1" failures="0" timestamp="2022-03-01T23:14:43 IST" time="4.920" errors="0">
  <testcase name="beforeTest" time="4.920" classname="PracticeLog4J.log4j.PracticeDemo"/>
  <system-out/>
</testsuite> <!-- PracticeLog4J.log4j.PracticeDemo -->
